<?xml version="1.0" encoding="UTF-8"?>
<!-- Generated by org.testng.reporters.JUnitXMLReporter -->
<testsuite hostname="CORPLPW100314" ignored="16" name="Functional" tests="20" failures="0" timestamp="27 Aug 2019 05:20:40 GMT" time="81.985" errors="0">
  <testcase name="@AfterMethod aftermethod" time="0.0" classname="com.auto.qa.base.TestBase">
    <failure type="org.openqa.selenium.WebDriverException" message="unknown error: Element &amp;lt;a _ngcontent-c1=&amp;quot;&amp;quot; aria-haspopup=&amp;quot;true&amp;quot; class=&amp;quot;nav-link dropdown-toggle athma-highlight-focus pl-0 pr-0 dropdown-toggle&amp;quot; href=&amp;quot;javascript:void(0);&amp;quot; id=&amp;quot;account-more&amp;quot; ngbdropdowntoggle=&amp;quot;&amp;quot; title=&amp;quot;More&amp;quot; aria-expanded=&amp;quot;false&amp;quot;&amp;gt;...&amp;lt;/a&amp;gt; is not clickable at point (1348, 31). Other element would receive the click: &amp;lt;div class=&amp;quot;http-blocker&amp;quot;&amp;gt;...&amp;lt;/div&amp;gt;
  (Session info: chrome=76.0.3809.100)
  (Driver info: chromedriver=2.43.600210 (68dcf5eebde37173d4027fa8635e332711d2874a),platform=Windows NT 10.0.15063 x86_64) (WARNING: The server did not provide any stacktrace information)
Command duration or timeout: 0 milliseconds
Build info: version: &amp;apos;3.141.59&amp;apos;, revision: &amp;apos;e82be7d358&amp;apos;, time: &amp;apos;2018-11-14T08:17:03&amp;apos;
System info: host: &amp;apos;CORPLPW100314&amp;apos;, ip: &amp;apos;10.0.75.1&amp;apos;, os.name: &amp;apos;Windows 10&amp;apos;, os.arch: &amp;apos;amd64&amp;apos;, os.version: &amp;apos;10.0&amp;apos;, java.version: &amp;apos;1.8.0_212&amp;apos;
Driver info: org.openqa.selenium.chrome.ChromeDriver
Capabilities {acceptInsecureCerts: false, acceptSslCerts: false, applicationCacheEnabled: false, browserConnectionEnabled: false, browserName: chrome, chrome: {chromedriverVersion: 2.43.600210 (68dcf5eebde371..., userDataDir: C:\Users\339154\AppData\Loc...}, cssSelectorsEnabled: true, databaseEnabled: false, goog:chromeOptions: {debuggerAddress: localhost:51315}, handlesAlerts: true, hasTouchScreen: false, javascriptEnabled: true, locationContextEnabled: true, mobileEmulationEnabled: false, nativeEvents: true, networkConnectionEnabled: false, pageLoadStrategy: normal, platform: XP, platformName: XP, rotatable: false, setWindowRect: true, takesHeapSnapshot: true, takesScreenshot: true, unexpectedAlertBehaviour: , unhandledPromptBehavior: , version: 76.0.3809.100, webStorageEnabled: true}
Session ID: 71968f458e743198c4b5e58994e7f8b4">
      <![CDATA[org.openqa.selenium.WebDriverException: unknown error: Element <a _ngcontent-c1="" aria-haspopup="true" class="nav-link dropdown-toggle athma-highlight-focus pl-0 pr-0 dropdown-toggle" href="javascript:void(0);" id="account-more" ngbdropdowntoggle="" title="More" aria-expanded="false">...</a> is not clickable at point (1348, 31). Other element would receive the click: <div class="http-blocker">...</div>
  (Session info: chrome=76.0.3809.100)
  (Driver info: chromedriver=2.43.600210 (68dcf5eebde37173d4027fa8635e332711d2874a),platform=Windows NT 10.0.15063 x86_64) (WARNING: The server did not provide any stacktrace information)
Command duration or timeout: 0 milliseconds
Build info: version: '3.141.59', revision: 'e82be7d358', time: '2018-11-14T08:17:03'
System info: host: 'CORPLPW100314', ip: '10.0.75.1', os.name: 'Windows 10', os.arch: 'amd64', os.version: '10.0', java.version: '1.8.0_212'
Driver info: org.openqa.selenium.chrome.ChromeDriver
Capabilities {acceptInsecureCerts: false, acceptSslCerts: false, applicationCacheEnabled: false, browserConnectionEnabled: false, browserName: chrome, chrome: {chromedriverVersion: 2.43.600210 (68dcf5eebde371..., userDataDir: C:\Users\339154\AppData\Loc...}, cssSelectorsEnabled: true, databaseEnabled: false, goog:chromeOptions: {debuggerAddress: localhost:51315}, handlesAlerts: true, hasTouchScreen: false, javascriptEnabled: true, locationContextEnabled: true, mobileEmulationEnabled: false, nativeEvents: true, networkConnectionEnabled: false, pageLoadStrategy: normal, platform: XP, platformName: XP, rotatable: false, setWindowRect: true, takesHeapSnapshot: true, takesScreenshot: true, unexpectedAlertBehaviour: , unhandledPromptBehavior: , version: 76.0.3809.100, webStorageEnabled: true}
Session ID: 71968f458e743198c4b5e58994e7f8b4
	at org.openqa.selenium.remote.ErrorHandler.createThrowable(ErrorHandler.java:214)
	at org.openqa.selenium.remote.ErrorHandler.throwIfResponseFailed(ErrorHandler.java:166)
	at org.openqa.selenium.remote.http.JsonHttpResponseCodec.reconstructValue(JsonHttpResponseCodec.java:40)
	at org.openqa.selenium.remote.http.AbstractHttpResponseCodec.decode(AbstractHttpResponseCodec.java:80)
	at org.openqa.selenium.remote.http.AbstractHttpResponseCodec.decode(AbstractHttpResponseCodec.java:44)
	at org.openqa.selenium.remote.HttpCommandExecutor.execute(HttpCommandExecutor.java:158)
	at org.openqa.selenium.remote.service.DriverCommandExecutor.execute(DriverCommandExecutor.java:83)
	at org.openqa.selenium.remote.RemoteWebDriver.execute(RemoteWebDriver.java:552)
	at org.openqa.selenium.remote.RemoteWebElement.execute(RemoteWebElement.java:285)
	at org.openqa.selenium.remote.RemoteWebElement.click(RemoteWebElement.java:84)
	at com.auto.qa.utils.Commonwaits.clickonmethod(Commonwaits.java:38)
	at com.auto.qa.base.TestBase.aftermethod(TestBase.java:116)
	at java.util.concurrent.ThreadPoolExecutor.runWorker(ThreadPoolExecutor.java:1149)
	at java.util.concurrent.ThreadPoolExecutor$Worker.run(ThreadPoolExecutor.java:624)
	at java.lang.Thread.run(Thread.java:748)
... Removed 15 stack frames]]>
    </failure>
  </testcase> <!-- @AfterMethod aftermethod -->
  <testcase name="@BeforeMethod beforemethod" time="0.0" classname="com.auto.qa.base.TestBase">
    <skipped/>
  </testcase> <!-- @BeforeMethod beforemethod -->
  <testcase name="@AfterMethod aftermethod" time="0.0" classname="com.auto.qa.base.TestBase">
    <skipped/>
  </testcase> <!-- @AfterMethod aftermethod -->
  <testcase name="@AfterClass aftemethod" time="0.0" classname="com.auto.qa.base.TestBase">
    <skipped/>
  </testcase> <!-- @AfterClass aftemethod -->
  <testcase name="@AfterClass afterclass" time="0.0" classname="com.auto.qa.base.TestBase">
    <skipped/>
  </testcase> <!-- @AfterClass afterclass -->
  <testcase name="@AfterTest aftertest" time="0.0" classname="com.auto.qa.base.TestBase">
    <skipped/>
  </testcase> <!-- @AfterTest aftertest -->
  <testcase name="test1" time="0.008" classname="com.auto.qa.testcases.TestPage5"/>
  <testcase name="test2" time="0.0" classname="com.auto.qa.testcases.TestPage5"/>
  <testcase name="test3" time="0.0" classname="com.auto.qa.testcases.TestPage5"/>
  <testcase name="test4" time="0.0" classname="com.auto.qa.testcases.TestPage5"/>
  <testcase name="test1" time="0.0" classname="com.auto.qa.testcases.TestPage4"/>
  <testcase name="test2" time="0.004" classname="com.auto.qa.testcases.TestPage4"/>
  <testcase name="test3" time="0.0" classname="com.auto.qa.testcases.TestPage4"/>
  <testcase name="test4" time="0.004" classname="com.auto.qa.testcases.TestPage4"/>
  <testcase name="test1" time="0.0" classname="com.auto.qa.testcases.TestPage1"/>
  <testcase name="test2" time="0.004" classname="com.auto.qa.testcases.TestPage1"/>
  <testcase name="test3" time="0.0" classname="com.auto.qa.testcases.TestPage1"/>
  <testcase name="test4" time="0.004" classname="com.auto.qa.testcases.TestPage1"/>
  <testcase name="test1" time="0.0" classname="com.auto.qa.testcases.TestPage3"/>
  <testcase name="test2" time="0.001" classname="com.auto.qa.testcases.TestPage3"/>
  <testcase name="test3" time="0.004" classname="com.auto.qa.testcases.TestPage3"/>
  <testcase name="test4" time="0.001" classname="com.auto.qa.testcases.TestPage3"/>
  <testcase name="test1" time="0.001" classname="com.auto.qa.testcases.TestPage2"/>
  <testcase name="test2" time="0.0" classname="com.auto.qa.testcases.TestPage2"/>
  <testcase name="test3" time="0.001" classname="com.auto.qa.testcases.TestPage2"/>
  <testcase name="test4" time="0.004" classname="com.auto.qa.testcases.TestPage2">
    <skipped/>
  </testcase> <!-- test4 -->
  <testcase name="@BeforeSuite beforesuite" time="0.0" classname="com.auto.qa.base.TestBase">
    <ignored/>
  </testcase> <!-- @BeforeSuite beforesuite -->
  <testcase name="@BeforeSuite beforesuite" time="0.0" classname="com.auto.qa.base.TestBase">
    <ignored/>
  </testcase> <!-- @BeforeSuite beforesuite -->
  <testcase name="@BeforeSuite beforesuite" time="0.0" classname="com.auto.qa.base.TestBase">
    <ignored/>
  </testcase> <!-- @BeforeSuite beforesuite -->
  <testcase name="@BeforeSuite beforesuite" time="0.0" classname="com.auto.qa.base.TestBase">
    <ignored/>
  </testcase> <!-- @BeforeSuite beforesuite -->
  <testcase name="@BeforeTest beforetest" time="0.0" classname="com.auto.qa.base.TestBase">
    <ignored/>
  </testcase> <!-- @BeforeTest beforetest -->
  <testcase name="@BeforeTest beforetest" time="0.0" classname="com.auto.qa.base.TestBase">
    <ignored/>
  </testcase> <!-- @BeforeTest beforetest -->
  <testcase name="@BeforeTest beforetest" time="0.0" classname="com.auto.qa.base.TestBase">
    <ignored/>
  </testcase> <!-- @BeforeTest beforetest -->
  <testcase name="@BeforeTest beforetest" time="0.0" classname="com.auto.qa.base.TestBase">
    <ignored/>
  </testcase> <!-- @BeforeTest beforetest -->
  <testcase name="@AfterTest aftertest" time="0.0" classname="com.auto.qa.base.TestBase">
    <ignored/>
  </testcase> <!-- @AfterTest aftertest -->
  <testcase name="@AfterTest aftertest" time="0.0" classname="com.auto.qa.base.TestBase">
    <ignored/>
  </testcase> <!-- @AfterTest aftertest -->
  <testcase name="@AfterTest aftertest" time="0.0" classname="com.auto.qa.base.TestBase">
    <ignored/>
  </testcase> <!-- @AfterTest aftertest -->
  <testcase name="@AfterTest aftertest" time="0.0" classname="com.auto.qa.base.TestBase">
    <ignored/>
  </testcase> <!-- @AfterTest aftertest -->
  <testcase name="@AfterSuite aftersuite" time="0.0" classname="com.auto.qa.base.TestBase">
    <ignored/>
  </testcase> <!-- @AfterSuite aftersuite -->
  <testcase name="@AfterSuite aftersuite" time="0.0" classname="com.auto.qa.base.TestBase">
    <ignored/>
  </testcase> <!-- @AfterSuite aftersuite -->
  <testcase name="@AfterSuite aftersuite" time="0.0" classname="com.auto.qa.base.TestBase">
    <ignored/>
  </testcase> <!-- @AfterSuite aftersuite -->
  <testcase name="@AfterSuite aftersuite" time="0.0" classname="com.auto.qa.base.TestBase">
    <ignored/>
  </testcase> <!-- @AfterSuite aftersuite -->
</testsuite> <!-- Functional -->
